# JRE version: Java(TM) SE Runtime Environment (20.0+36) (build 20+36-2344)
# Java VM: Java HotSpot(TM) 64-Bit Server VM (20+36-2344, mixed mode, sharing, tiered, compressed oops, compressed class ptrs, g1 gc, windows-amd64)
GC Precious Log:
 CardTable entry size: 512
 Card Set container configuration: InlinePtr #cards 5 size 8 Array Of Cards #cards 12 size 40 Howl #buckets 4 coarsen threshold 1843 Howl Bitmap #cards 512 size 80 coarsen threshold 460 Card regions per heap region 1 cards per card region 2048
 CPUs: 8 total, 8 available
 Memory: 7987M
 Large Page Support: Disabled
 NUMA Support: Disabled
 Compressed Oops: Enabled (32-bit)
 Heap Region Size: 1M
 Heap Min Capacity: 8M
 Heap Initial Capacity: 126M
 Heap Max Capacity: 1998M
 Pre-touch: Disabled
 Parallel Workers: 8
 Concurrent Workers: 2
 Concurrent Refinement Workers: 8
 Periodic GC: Disabled
Heap:
 garbage-first heap   total 70656K, used 20060K [0x0000000083200000, 0x0000000100000000)
  region size 1024K, 3 young (3072K), 2 survivors (2048K)
 Metaspace       used 27963K, committed 28480K, reserved 1114112K
  class space    used 3029K, committed 3264K, reserved 1048576K
GC Heap History (14 events):
Event: 0.659 GC heap before
{Heap before GC invocations=0 (full 0):
 garbage-first heap   total 129024K, used 23552K [0x0000000083200000, 0x0000000100000000)
  region size 1024K, 23 young (23552K), 0 survivors (0K)
 Metaspace       used 5921K, committed 6016K, reserved 1114112K
  class space    used 665K, committed 704K, reserved 1048576K
}
Event: 0.663 GC heap after
{Heap after GC invocations=1 (full 0):
 garbage-first heap   total 129024K, used 3913K [0x0000000083200000, 0x0000000100000000)
  region size 1024K, 3 young (3072K), 3 survivors (3072K)
 Metaspace       used 5921K, committed 6016K, reserved 1114112K
  class space    used 665K, committed 704K, reserved 1048576K
}
Event: 1.222 GC heap before
{Heap before GC invocations=1 (full 0):
 garbage-first heap   total 129024K, used 33609K [0x0000000083200000, 0x0000000100000000)
  region size 1024K, 33 young (33792K), 3 survivors (3072K)
 Metaspace       used 11093K, committed 11328K, reserved 1114112K
  class space    used 1316K, committed 1408K, reserved 1048576K
}
Event: 1.226 GC heap after
{Heap after GC invocations=2 (full 0):
 garbage-first heap   total 129024K, used 6560K [0x0000000083200000, 0x0000000100000000)
  region size 1024K, 3 young (3072K), 3 survivors (3072K)
 Metaspace       used 11093K, committed 11328K, reserved 1114112K
  class space    used 1316K, committed 1408K, reserved 1048576K
}
Event: 2.010 GC heap before
{Heap before GC invocations=2 (full 0):
 garbage-first heap   total 129024K, used 80288K [0x0000000083200000, 0x0000000100000000)
  region size 1024K, 75 young (76800K), 3 survivors (3072K)
 Metaspace       used 15098K, committed 15424K, reserved 1114112K
  class space    used 1661K, committed 1792K, reserved 1048576K
}
Event: 2.017 GC heap after
{Heap after GC invocations=3 (full 0):
 garbage-first heap   total 129024K, used 11666K [0x0000000083200000, 0x0000000100000000)
  region size 1024K, 8 young (8192K), 8 survivors (8192K)
 Metaspace       used 15098K, committed 15424K, reserved 1114112K
  class space    used 1661K, committed 1792K, reserved 1048576K
}
Event: 2.268 GC heap before
{Heap before GC invocations=3 (full 0):
 garbage-first heap   total 129024K, used 19858K [0x0000000083200000, 0x0000000100000000)
  region size 1024K, 17 young (17408K), 8 survivors (8192K)
 Metaspace       used 21207K, committed 21504K, reserved 1114112K
  class space    used 2399K, committed 2560K, reserved 1048576K
}
Event: 2.276 GC heap after
{Heap after GC invocations=4 (full 0):
 garbage-first heap   total 129024K, used 13251K [0x0000000083200000, 0x0000000100000000)
  region size 1024K, 7 young (7168K), 7 survivors (7168K)
 Metaspace       used 21207K, committed 21504K, reserved 1114112K
  class space    used 2399K, committed 2560K, reserved 1048576K
}
Event: 2.915 GC heap before
{Heap before GC invocations=5 (full 0):
 garbage-first heap   total 55296K, used 53187K [0x0000000083200000, 0x0000000100000000)
  region size 1024K, 47 young (48128K), 7 survivors (7168K)
 Metaspace       used 25430K, committed 25856K, reserved 1114112K
  class space    used 2843K, committed 3008K, reserved 1048576K
}
Event: 2.932 GC heap after
{Heap after GC invocations=6 (full 0):
 garbage-first heap   total 70656K, used 21383K [0x0000000083200000, 0x0000000100000000)
  region size 1024K, 10 young (10240K), 10 survivors (10240K)
 Metaspace       used 25430K, committed 25856K, reserved 1114112K
  class space    used 2843K, committed 3008K, reserved 1048576K
}
Event: 3.356 GC heap before
{Heap before GC invocations=6 (full 0):
 garbage-first heap   total 70656K, used 53127K [0x0000000083200000, 0x0000000100000000)
  region size 1024K, 41 young (41984K), 10 survivors (10240K)
 Metaspace       used 26149K, committed 26560K, reserved 1114112K
  class space    used 2867K, committed 3008K, reserved 1048576K
}
Event: 3.362 GC heap after
{Heap after GC invocations=7 (full 0):
 garbage-first heap   total 70656K, used 20480K [0x0000000083200000, 0x0000000100000000)
  region size 1024K, 3 young (3072K), 3 survivors (3072K)
 Metaspace       used 26149K, committed 26560K, reserved 1114112K
  class space    used 2867K, committed 3008K, reserved 1048576K
}
Event: 3.687 GC heap before
{Heap before GC invocations=7 (full 0):
 garbage-first heap   total 70656K, used 56320K [0x0000000083200000, 0x0000000100000000)
  region size 1024K, 38 young (38912K), 3 survivors (3072K)
 Metaspace       used 27944K, committed 28480K, reserved 1114112K
  class space    used 3027K, committed 3264K, reserved 1048576K
}
Event: 3.688 GC heap after
{Heap after GC invocations=8 (full 0):
 garbage-first heap   total 70656K, used 20060K [0x0000000083200000, 0x0000000100000000)
  region size 1024K, 2 young (2048K), 2 survivors (2048K)
 Metaspace       used 27944K, committed 28480K, reserved 1114112K
  class space    used 3027K, committed 3264K, reserved 1048576K
}

